<?xml version="1.0" encoding="utf-8"?><testsuites><testsuite errors="0" failures="0" hostname="ubuntu" name="pytest" skipped="0" tests="13" time="0.152" timestamp="2024-01-20T18:19:36.063915"><testcase classname="mail_delivery_robot.test.test_state_machine" file="test/test_state_machine.py" line="49" name="test_path_one" time="0.001"></testcase><testcase classname="mail_delivery_robot.test.test_state_machine" file="test/test_state_machine.py" line="74" name="test_path_two" time="0.001"></testcase><testcase classname="mail_delivery_robot.test.test_state_machine" file="test/test_state_machine.py" line="101" name="test_path_three" time="0.001"></testcase><testcase classname="mail_delivery_robot.test.test_state_machine" file="test/test_state_machine.py" line="123" name="test_path_four" time="0.001"></testcase><testcase classname="mail_delivery_robot.test.test_state_machine" file="test/test_state_machine.py" line="146" name="test_path_five" time="0.001"></testcase><testcase classname="mail_delivery_robot.test.test_state_machine" file="test/test_state_machine.py" line="158" name="test_path_six" time="0.001"></testcase><testcase classname="mail_delivery_robot.test.test_state_machine" file="test/test_state_machine.py" line="297" name="test_path_seven" time="0.001"></testcase><testcase classname="mail_delivery_robot.test.test_state_machine" file="test/test_state_machine.py" line="380" name="test_path_eight" time="0.001"></testcase><testcase classname="mail_delivery_robot.test.test_state_machine" file="test/test_state_machine.py" line="474" name="test_path_nine" time="0.001"></testcase><testcase classname="mail_delivery_robot.test.test_state_machine" file="test/test_state_machine.py" line="545" name="test_path_ten" time="0.001"></testcase><testcase classname="mail_delivery_robot.test.test_state_machine" file="test/test_state_machine.py" line="558" name="test_path_eleven" time="0.001"></testcase><testcase classname="mail_delivery_robot.test.test_state_machine" file="test/test_state_machine.py" line="571" name="test_path_twelve" time="0.001"></testcase><testcase classname="mail_delivery_robot.test.test_state_machine" file="test/test_state_machine.py" line="588" name="test_path_thirteen" time="0.001"></testcase></testsuite></testsuites>